<?xml version="1.0" encoding="UTF-8"?>
<!-- Generated by org.testng.reporters.JUnitReportReporter -->
<testsuite hostname="LAPTOP-LK1GIISB" failures="0" tests="1" name="com.orangehrm.tests.TC_Product_01_to_12" time="138.112" errors="0" timestamp="2025-09-01T21:54:54 IST" skipped="0">
  <testcase classname="com.orangehrm.tests.TC_Product_01_to_12" name="verifyIconsNavigation" time="138.112"/>
</testsuite> <!-- com.orangehrm.tests.TC_Product_01_to_12 -->
