<?xml version="1.0" encoding="UTF-8"?>
<!-- Generated by org.testng.reporters.JUnitReportReporter -->
<testsuite hostname="LAPTOP-LK1GIISB" failures="0" tests="1" name="com.orangehrm.tests.TC_Product_13_to_28" time="48.864" errors="0" timestamp="2025-09-01T21:55:55 IST" skipped="0">
  <testcase classname="com.orangehrm.tests.TC_Product_13_to_28" name="verifyProductFeatures_13_to_20" time="48.864"/>
</testsuite> <!-- com.orangehrm.tests.TC_Product_13_to_28 -->
