<?xml version="1.0" encoding="UTF-8"?>
<!-- Generated by org.testng.reporters.JUnitReportReporter -->
<testsuite hostname="LAPTOP-LK1GIISB" failures="0" tests="1" name="product.TC_Product_13_to_20" time="28.077" errors="0" timestamp="2025-09-01T10:12:48 IST" skipped="0">
  <testcase classname="product.TC_Product_13_to_20" name="f" time="28.077"/>
</testsuite> <!-- product.TC_Product_13_to_20 -->
