<?xml version="1.0" encoding="UTF-8"?>
<!-- Generated by org.testng.reporters.JUnitReportReporter -->
<testsuite hostname="LAPTOP-LK1GIISB" failures="0" tests="1" name="com.orangehrm.tests.Product_UI" time="109.028" errors="0" timestamp="2025-09-01T22:24:45 IST" skipped="0">
  <testcase classname="com.orangehrm.tests.Product_UI" name="verifyUICases" time="109.028"/>
</testsuite> <!-- com.orangehrm.tests.Product_UI -->
