<?xml version="1.0" encoding="UTF-8"?>
<!-- Generated by org.testng.reporters.JUnitReportReporter -->
<testsuite hostname="LAPTOP-LK1GIISB" failures="0" tests="1" name="product.TC_Product_08_to_12" time="23.662" errors="0" timestamp="2025-09-01T10:08:25 IST" skipped="0">
  <testcase classname="product.TC_Product_08_to_12" name="f" time="23.662"/>
</testsuite> <!-- product.TC_Product_08_to_12 -->
