<?xml version="1.0" encoding="UTF-8"?>
<!-- Generated by org.testng.reporters.JUnitReportReporter -->
<testsuite hostname="LAPTOP-LK1GIISB" failures="0" tests="1" name="com.functional.tests.Product_Functional_11_20" time="65.493" errors="0" timestamp="2025-09-04T17:02:41 IST" skipped="0">
  <testcase classname="com.functional.tests.Product_Functional_11_20" name="verifyProductFunctional_11_20" time="65.493"/>
</testsuite> <!-- com.functional.tests.Product_Functional_11_20 -->
