<?xml version="1.0" encoding="UTF-8"?>
<!-- Generated by org.testng.reporters.JUnitReportReporter -->
<testsuite hostname="LAPTOP-LK1GIISB" failures="0" tests="1" name="com.product.tests.Product_Functional_1_10" time="32.850" errors="0" timestamp="2025-09-03T20:25:01 IST" skipped="0">
  <testcase classname="com.product.tests.Product_Functional_1_10" name="verifyFunctionalCases" time="32.850"/>
</testsuite> <!-- com.product.tests.Product_Functional_1_10 -->
