<?xml version="1.0" encoding="UTF-8"?>
<!-- Generated by org.testng.reporters.JUnitReportReporter -->
<testsuite hostname="LAPTOP-LK1GIISB" failures="0" tests="1" name="com.product.tests.Product_Functional_11_20" time="71.576" errors="0" timestamp="2025-09-03T20:25:01 IST" skipped="0">
  <testcase classname="com.product.tests.Product_Functional_11_20" name="verifyProductFunctional_11_20" time="71.576"/>
</testsuite> <!-- com.product.tests.Product_Functional_11_20 -->
