<?xml version="1.0" encoding="UTF-8"?>
<!-- Generated by org.testng.reporters.JUnitReportReporter -->
<testsuite hostname="LAPTOP-LK1GIISB" failures="0" tests="1" name="com.product.tests.Product_Functional" time="15.008" errors="0" timestamp="2025-09-03T17:59:51 IST" skipped="0">
  <testcase classname="com.product.tests.Product_Functional" name="verifyFunctionalCases" time="15.008"/>
</testsuite> <!-- com.product.tests.Product_Functional -->
