<?xml version="1.0" encoding="UTF-8"?>
<!-- Generated by org.testng.reporters.JUnitReportReporter -->
<testsuite hostname="LAPTOP-LK1GIISB" failures="0" tests="1" name="product.TC_Product_21_to_28" time="26.741" errors="0" timestamp="2025-09-01T10:13:41 IST" skipped="0">
  <testcase classname="product.TC_Product_21_to_28" name="f" time="26.741"/>
</testsuite> <!-- product.TC_Product_21_to_28 -->
