<?xml version="1.0" encoding="UTF-8"?>
<!-- Generated by org.testng.reporters.JUnitReportReporter -->
<testsuite hostname="LAPTOP-LK1GIISB" failures="0" tests="2" name="product.TC_Product_02" time="20.279" errors="0" timestamp="2025-08-28T15:53:00 IST" skipped="0">
  <testcase classname="product.TC_Product_02" name="f" time="11.762"/>
  <system-out/>
  <testcase classname="product.TC_Product_02" name="f" time="8.517"/>
  <system-out/>
</testsuite> <!-- product.TC_Product_02 -->
