<?xml version="1.0" encoding="UTF-8"?>
<!-- Generated by org.testng.reporters.JUnitReportReporter -->
<testsuite hostname="LAPTOP-LK1GIISB" failures="0" tests="1" name="product.TC_Product_01_to_07" time="50.310" errors="0" timestamp="2025-08-29T15:13:19 IST" skipped="0">
  <testcase classname="product.TC_Product_01_to_07" name="f" time="50.310"/>
</testsuite> <!-- product.TC_Product_01_to_07 -->
