<?xml version="1.0" encoding="UTF-8"?>
<!-- Generated by org.testng.reporters.JUnitReportReporter -->
<testsuite hostname="LAPTOP-LK1GIISB" failures="0" tests="29" name="com.ui.tests.HomePageTestSuite" time="559.712" errors="0" timestamp="2025-09-08T12:30:16 IST" skipped="0">
  <testcase classname="com.ui.tests.HomePageTestSuite" name="TC_Home_01_Chrome_URL" time="0.059"/>
  <testcase classname="com.ui.tests.HomePageTestSuite" name="TC_Home_02_Edge_URL" time="0.014"/>
  <testcase classname="com.ui.tests.HomePageTestSuite" name="TC_Home_03_Brave_URL" time="0.038"/>
  <testcase classname="com.ui.tests.HomePageTestSuite" name="TC_Home_04_HomeIcon" time="7.965"/>
  <testcase classname="com.ui.tests.HomePageTestSuite" name="TC_Home_05_ProductsIcon" time="11.838"/>
  <testcase classname="com.ui.tests.HomePageTestSuite" name="TC_Home_06_CartIcon" time="10.469"/>
  <testcase classname="com.ui.tests.HomePageTestSuite" name="TC_Home_07_SignupLoginIcon" time="9.957"/>
  <testcase classname="com.ui.tests.HomePageTestSuite" name="TC_Home_08_TestCasesIcon" time="5.414"/>
  <testcase classname="com.ui.tests.HomePageTestSuite" name="TC_Home_09_APITestingIcon" time="7.114"/>
  <testcase classname="com.ui.tests.HomePageTestSuite" name="TC_Home_10_VideoTutorialsIcon" time="9.230"/>
  <testcase classname="com.ui.tests.HomePageTestSuite" name="TC_Home_11_ContactUsIcon" time="9.536"/>
  <testcase classname="com.ui.tests.HomePageTestSuite" name="TC_Home_12_TestCasesButton" time="11.828"/>
  <testcase classname="com.ui.tests.HomePageTestSuite" name="TC_Home_13_APIsListButton" time="7.094"/>
  <testcase classname="com.ui.tests.HomePageTestSuite" name="TC_Home_14_AutomationExerciseLogo" time="6.991"/>
  <testcase classname="com.ui.tests.HomePageTestSuite" name="TC_Home_15_EmailSubscriptionValid" time="5.173"/>
  <testcase classname="com.ui.tests.HomePageTestSuite" name="TC_Home_16_BrandNameFilter" time="11.219"/>
  <testcase classname="com.ui.tests.HomePageTestSuite" name="TC_Home_17_CategorySectionExpand" time="2.636"/>
  <testcase classname="com.ui.tests.HomePageTestSuite" name="TC_Home_18_AddToCart" time="7.363"/>
  <testcase classname="com.ui.tests.HomePageTestSuite" name="TC_Home_19_ScrollToTop" time="5.139"/>
  <testcase classname="com.ui.tests.HomePageTestSuite" name="TC_Home_20_ViewProduct" time="9.856"/>
  <testcase classname="com.ui.tests.HomePageTestSuite" name="TC_Home_21_WomenCategorySection" time="75.336"/>
  <testcase classname="com.ui.tests.HomePageTestSuite" name="TC_Home_22_MenCategorySection" time="29.908"/>
  <testcase classname="com.ui.tests.HomePageTestSuite" name="TC_Home_23_KidsCategorySection" time="92.589"/>
  <testcase classname="com.ui.tests.HomePageTestSuite" name="TC_Home_24_ViewCartAfterAddToCart" time="131.678"/>
  <testcase classname="com.ui.tests.HomePageTestSuite" name="TC_Home_25_InvalidEmailSubscription" time="3.033"/>
  <testcase classname="com.ui.tests.HomePageTestSuite" name="TC_Home_26_ScrollBarFunctionality" time="2.111"/>
  <testcase classname="com.ui.tests.HomePageTestSuite" name="TC_Home_27_Responsiveness" time="3.920"/>
  <testcase classname="com.ui.tests.HomePageTestSuite" name="TC_Home_28_CarouselSliders" time="71.368"/>
  <testcase classname="com.ui.tests.HomePageTestSuite" name="TC_Home_29_EmailWithoutAtSymbol" time="10.836"/>
</testsuite> <!-- com.ui.tests.HomePageTestSuite -->
