<?xml version="1.0" encoding="UTF-8"?>
<!-- Generated by org.testng.reporters.JUnitReportReporter -->
<testsuite hostname="LAPTOP-LK1GIISB" failures="0" tests="3" name="com.orangehrm.tests.Login_oraneghrm" time="35.176" errors="0" timestamp="2025-09-02T22:53:14 IST" skipped="0">
  <testcase classname="com.orangehrm.tests.Login_oraneghrm" name="verifylogin" time="9.288"/>
  <system-out/>
  <testcase classname="com.orangehrm.tests.Login_oraneghrm" name="verifylogin" time="10.206"/>
  <system-out/>
  <testcase classname="com.orangehrm.tests.Login_oraneghrm" name="verifylogin" time="15.682"/>
  <system-out/>
</testsuite> <!-- com.orangehrm.tests.Login_oraneghrm -->
