<?xml version="1.0" encoding="UTF-8"?>
<!-- Generated by org.testng.reporters.JUnitReportReporter -->
<testsuite hostname="LAPTOP-LK1GIISB" failures="0" tests="1" name="com.ui.datadriven.DataDrivenProductTest" time="128.961" errors="0" timestamp="2025-09-11T20:34:50 IST" skipped="0">
  <testcase classname="com.ui.datadriven.DataDrivenProductTest" name="executeProductTests" time="128.961"/>
</testsuite> <!-- com.ui.datadriven.DataDrivenProductTest -->
