<?xml version="1.0" encoding="UTF-8"?>
<!-- Generated by org.testng.reporters.JUnitReportReporter -->
<testsuite hostname="LAPTOP-LK1GIISB" failures="0" tests="29" name="com.ui.tests.HomePageTestSuite" time="246.333" errors="0" timestamp="2025-09-15T11:22:23 IST" skipped="0">
  <testcase classname="com.ui.tests.HomePageTestSuite" name="TC_Home_01_Chrome_URL" time="0.067"/>
  <testcase classname="com.ui.tests.HomePageTestSuite" name="TC_Home_02_Edge_URL" time="0.015"/>
  <testcase classname="com.ui.tests.HomePageTestSuite" name="TC_Home_03_Brave_URL" time="0.012"/>
  <testcase classname="com.ui.tests.HomePageTestSuite" name="TC_Home_04_HomeIcon" time="3.349"/>
  <testcase classname="com.ui.tests.HomePageTestSuite" name="TC_Home_05_ProductsIcon" time="6.433"/>
  <testcase classname="com.ui.tests.HomePageTestSuite" name="TC_Home_06_CartIcon" time="7.402"/>
  <testcase classname="com.ui.tests.HomePageTestSuite" name="TC_Home_07_SignupLoginIcon" time="6.230"/>
  <testcase classname="com.ui.tests.HomePageTestSuite" name="TC_Home_08_TestCasesIcon" time="5.182"/>
  <testcase classname="com.ui.tests.HomePageTestSuite" name="TC_Home_09_APITestingIcon" time="5.881"/>
  <testcase classname="com.ui.tests.HomePageTestSuite" name="TC_Home_10_VideoTutorialsIcon" time="9.620"/>
  <testcase classname="com.ui.tests.HomePageTestSuite" name="TC_Home_11_ContactUsIcon" time="4.235"/>
  <testcase classname="com.ui.tests.HomePageTestSuite" name="TC_Home_12_TestCasesButton" time="9.127"/>
  <testcase classname="com.ui.tests.HomePageTestSuite" name="TC_Home_13_APIsListButton" time="8.492"/>
  <testcase classname="com.ui.tests.HomePageTestSuite" name="TC_Home_14_AutomationExerciseLogo" time="4.223"/>
  <testcase classname="com.ui.tests.HomePageTestSuite" name="TC_Home_15_EmailSubscriptionValid" time="5.006"/>
  <testcase classname="com.ui.tests.HomePageTestSuite" name="TC_Home_16_BrandNameFilter" time="7.095"/>
  <testcase classname="com.ui.tests.HomePageTestSuite" name="TC_Home_17_CategorySectionExpand" time="2.678"/>
  <testcase classname="com.ui.tests.HomePageTestSuite" name="TC_Home_18_AddToCart" time="7.490"/>
  <testcase classname="com.ui.tests.HomePageTestSuite" name="TC_Home_19_ScrollToTop" time="5.119"/>
  <testcase classname="com.ui.tests.HomePageTestSuite" name="TC_Home_20_ViewProduct" time="6.160"/>
  <testcase classname="com.ui.tests.HomePageTestSuite" name="TC_Home_21_WomenCategorySection" time="13.074"/>
  <testcase classname="com.ui.tests.HomePageTestSuite" name="TC_Home_22_MenCategorySection" time="14.019"/>
  <testcase classname="com.ui.tests.HomePageTestSuite" name="TC_Home_23_KidsCategorySection" time="14.065"/>
  <testcase classname="com.ui.tests.HomePageTestSuite" name="TC_Home_24_ViewCartAfterAddToCart" time="12.956"/>
  <testcase classname="com.ui.tests.HomePageTestSuite" name="TC_Home_25_InvalidEmailSubscription" time="2.736"/>
  <testcase classname="com.ui.tests.HomePageTestSuite" name="TC_Home_26_ScrollBarFunctionality" time="2.085"/>
  <testcase classname="com.ui.tests.HomePageTestSuite" name="TC_Home_27_Responsiveness" time="3.867"/>
  <testcase classname="com.ui.tests.HomePageTestSuite" name="TC_Home_28_CarouselSliders" time="71.502"/>
  <testcase classname="com.ui.tests.HomePageTestSuite" name="TC_Home_29_EmailWithoutAtSymbol" time="8.213"/>
</testsuite> <!-- com.ui.tests.HomePageTestSuite -->
