<?xml version="1.0" encoding="UTF-8"?>
<!-- Generated by org.testng.reporters.JUnitReportReporter -->
<testsuite hostname="LAPTOP-LK1GIISB" failures="0" tests="1" name="com.ui.datadriven.ProductUIDataDrivenTest" time="120.437" errors="0" timestamp="2025-09-11T19:54:54 IST" skipped="0">
  <testcase classname="com.ui.datadriven.ProductUIDataDrivenTest" name="executeProductUITests" time="120.437"/>
</testsuite> <!-- com.ui.datadriven.ProductUIDataDrivenTest -->
