<?xml version="1.0" encoding="UTF-8"?>
<!-- Generated by org.testng.reporters.JUnitReportReporter -->
<testsuite hostname="LAPTOP-LK1GIISB" failures="0" tests="13" name="com.ui.tests.SignupLoginPageTestSuite" time="250.735" errors="0" timestamp="2025-09-15T16:29:54 IST" skipped="0">
  <testcase classname="com.ui.tests.SignupLoginPageTestSuite" name="TC_Signup_Login_15_HomeIconFunctionality" time="29.979"/>
  <testcase classname="com.ui.tests.SignupLoginPageTestSuite" name="TC_Signup_Login_16_ProductsIconFunctionality" time="16.514"/>
  <testcase classname="com.ui.tests.SignupLoginPageTestSuite" name="TC_Signup_Login_17_CartIconFunctionality" time="19.991"/>
  <testcase classname="com.ui.tests.SignupLoginPageTestSuite" name="TC_Signup_Login_18_TestCasesIconFunctionality" time="15.903"/>
  <testcase classname="com.ui.tests.SignupLoginPageTestSuite" name="TC_Signup_Login_19_APITestingIconFunctionality" time="11.335"/>
  <testcase classname="com.ui.tests.SignupLoginPageTestSuite" name="TC_Signup_Login_20_VideoTutorialsIconFunctionality" time="44.488"/>
  <testcase classname="com.ui.tests.SignupLoginPageTestSuite" name="TC_Signup_Login_21_ContactUsIconFunctionality" time="11.633"/>
  <testcase classname="com.ui.tests.SignupLoginPageTestSuite" name="TC_Signup_Login_25_PasswordFieldMasked" time="17.491"/>
  <testcase classname="com.ui.tests.SignupLoginPageTestSuite" name="TC_Signup_Login_27_AutomationExerciseLogoFunctionality" time="26.789"/>
  <testcase classname="com.ui.tests.SignupLoginPageTestSuite" name="TC_Signup_Login_29_LoginSignupPageLoads" time="12.210"/>
  <testcase classname="com.ui.tests.SignupLoginPageTestSuite" name="TC_Signup_Login_30_LoginAccountSectionPresence" time="10.966"/>
  <testcase classname="com.ui.tests.SignupLoginPageTestSuite" name="TC_Signup_Login_31_NewUserSignupSectionPresence" time="6.231"/>
  <testcase classname="com.ui.tests.SignupLoginPageTestSuite" name="TC_Signup_Login_32_ORSeparatorPresence" time="27.205"/>
</testsuite> <!-- com.ui.tests.SignupLoginPageTestSuite -->
