<?xml version="1.0" encoding="UTF-8"?>
<!-- Generated by org.testng.reporters.JUnitReportReporter -->
<testsuite hostname="LAPTOP-LK1GIISB" failures="0" tests="2" name="product.TC_Products_01" time="52.498" errors="0" timestamp="2025-08-29T10:06:37 IST" skipped="0">
  <testcase classname="product.TC_Products_01" name="f" time="8.098"/>
  <system-out/>
  <testcase classname="product.TC_Products_01" name="f" time="44.400"/>
  <system-out/>
</testsuite> <!-- product.TC_Products_01 -->
