<?xml version="1.0" encoding="UTF-8"?>
<!-- Generated by org.testng.reporters.JUnitReportReporter -->
<testsuite hostname="LAPTOP-LK1GIISB" failures="0" tests="8" name="com.ui.datadriven.ProductDataDrivenTest" time="191.317" errors="0" timestamp="2025-09-12T21:00:15 IST" skipped="0">
  <testcase classname="com.ui.datadriven.ProductDataDrivenTest" name="productTests" time="25.422"/>
  <testcase classname="com.ui.datadriven.ProductDataDrivenTest" name="productTests" time="15.915"/>
  <testcase classname="com.ui.datadriven.ProductDataDrivenTest" name="productTests" time="28.781"/>
  <testcase classname="com.ui.datadriven.ProductDataDrivenTest" name="productTests" time="15.305"/>
  <testcase classname="com.ui.datadriven.ProductDataDrivenTest" name="productTests" time="33.291"/>
  <testcase classname="com.ui.datadriven.ProductDataDrivenTest" name="productTests" time="26.374"/>
  <testcase classname="com.ui.datadriven.ProductDataDrivenTest" name="productTests" time="24.851"/>
  <testcase classname="com.ui.datadriven.ProductDataDrivenTest" name="productTests" time="21.378"/>
</testsuite> <!-- com.ui.datadriven.ProductDataDrivenTest -->
