<?xml version="1.0" encoding="UTF-8"?>
<!-- Generated by org.testng.reporters.JUnitReportReporter -->
<testsuite hostname="LAPTOP-LK1GIISB" failures="0" tests="1" name="com.ui.tests.Product_UI" time="72.198" errors="0" timestamp="2025-09-13T10:59:43 IST" skipped="0">
  <testcase classname="com.ui.tests.Product_UI" name="verifyUICases" time="72.198"/>
</testsuite> <!-- com.ui.tests.Product_UI -->
