<?xml version="1.0" encoding="UTF-8"?>
<!-- Generated by org.testng.reporters.JUnitReportReporter -->
<testsuite hostname="LAPTOP-LK1GIISB" failures="0" tests="1" name="com.ui.datadriven.DataDrivenLoginTest" time="61.533" errors="0" timestamp="2025-09-10T21:47:55 IST" skipped="0">
  <testcase classname="com.ui.datadriven.DataDrivenLoginTest" name="executeTestCases" time="61.533"/>
</testsuite> <!-- com.ui.datadriven.DataDrivenLoginTest -->
